[23:28:54.162] [INFO] storybook v10.2.15
[23:28:55.322] [DEBUG] Getting package.json info for /Users/riccardoferranti/Documents/Dev/personal-workspace/projects/frontend-design/apps/storybook/package.json...
[23:28:57.037] [INFO] Starting...
[23:28:57.162] [DEBUG] Starting preview..
[23:28:57.167] [WARN] 🚨 Unable to index ./../../packages/design-system/src/components/input/ds-input.stories.tsx:
  NoMetaError: CSF: missing default export /Users/riccardoferranti/Documents/Dev/personal-workspace/projects/frontend-design/packages/design-system/src/components/input/ds-input.stories.tsx (line 1, col 0)

More info: https://storybook.js.org/docs/writing-stories?ref=error#default-export
    at CsfFile.parse (file:///Users/riccardoferranti/Documents/Dev/personal-workspace/projects/frontend-design/node_modules/.pnpm/storybook@10.2.15_@testing-library+dom@9.3.4_prettier@3.8.1_react-dom@19.2.4_react@19.2.4__react@19.2.4/node_modules/storybook/dist/_node-chunks/chunk-ZM5OBBY4.js:456:13)
    at Object.createIndex (file:///Users/riccardoferranti/Documents/Dev/personal-workspace/projects/frontend-design/node_modules/.pnpm/storybook@10.2.15_@testing-library+dom@9.3.4_prettier@3.8.1_react-dom@19.2.4_react@19.2.4__react@19.2.4/node_modules/storybook/dist/core-server/presets/common-preset.js:1802:81)
    at async _StoryIndexGenerator.extractStories (file:///Users/riccardoferranti/Documents/Dev/personal-workspace/projects/frontend-design/node_modules/.pnpm/storybook@10.2.15_@testing-library+dom@9.3.4_prettier@3.8.1_react-dom@19.2.4_react@19.2.4__react@19.2.4/node_modules/storybook/dist/core-server/index.js:5912:23)
    at async file:///Users/riccardoferranti/Documents/Dev/personal-workspace/projects/frontend-design/node_modules/.pnpm/storybook@10.2.15_@testing-library+dom@9.3.4_prettier@3.8.1_react-dom@19.2.4_react@19.2.4__react@19.2.4/node_modules/storybook/dist/core-server/index.js:5833:39
    at async Promise.all (index 0)
    at async Promise.all (index 0)
    at async _StoryIndexGenerator.updateExtracted (file:///Users/riccardoferranti/Documents/Dev/personal-workspace/projects/frontend-design/node_modules/.pnpm/storybook@10.2.15_@testing-library+dom@9.3.4_prettier@3.8.1_react-dom@19.2.4_react@19.2.4__react@19.2.4/node_modules/storybook/dist/core-server/index.js:5821:5)
    at async _StoryIndexGenerator.ensureExtracted (file:///Users/riccardoferranti/Documents/Dev/personal-workspace/projects/frontend-design/node_modules/.pnpm/storybook@10.2.15_@testing-library+dom@9.3.4_prettier@3.8.1_react-dom@19.2.4_react@19.2.4__react@19.2.4/node_modules/storybook/dist/core-server/index.js:5856:5)
    at async _StoryIndexGenerator.initialize (file:///Users/riccardoferranti/Documents/Dev/personal-workspace/projects/frontend-design/node_modules/.pnpm/storybook@10.2.15_@testing-library+dom@9.3.4_prettier@3.8.1_react-dom@19.2.4_react@19.2.4__react@19.2.4/node_modules/storybook/dist/core-server/index.js:5817:5)
    at async file:///Users/riccardoferranti/Documents/Dev/personal-workspace/projects/frontend-design/node_modules/.pnpm/storybook@10.2.15_@testing-library+dom@9.3.4_prettier@3.8.1_react-dom@19.2.4_react@19.2.4__react@19.2.4/node_modules/storybook/dist/core-server/presets/common-preset.js:1842:10
[23:28:57.171] [ERROR] Failed to build the preview
[23:28:57.171] [ERROR] Error: Unable to index ./../../packages/design-system/src/components/input/ds-input.stories.tsx
    at _StoryIndexGenerator.getIndexAndStats (file:///Users/riccardoferranti/Documents/Dev/personal-workspace/projects/frontend-design/node_modules/.pnpm/storybook@10.2.15_@testing-library+dom@9.3.4_prettier@3.8.1_react-dom@19.2.4_react@19.2.4__react@19.2.4/node_modules/storybook/dist/core-server/index.js:6085:15)
    at async _StoryIndexGenerator.getIndex (file:///Users/riccardoferranti/Documents/Dev/personal-workspace/projects/frontend-design/node_modules/.pnpm/storybook@10.2.15_@testing-library+dom@9.3.4_prettier@3.8.1_react-dom@19.2.4_react@19.2.4__react@19.2.4/node_modules/storybook/dist/core-server/index.js:6074:13)
    at async getOptimizeDeps (file:///Users/riccardoferranti/Documents/Dev/personal-workspace/projects/frontend-design/node_modules/.pnpm/@storybook+builder-vite@10.2.15_esbuild@0.27.3_rollup@4.59.0_storybook@10.2.15_@testing_ec902fb76638b411a0123ae7e10ba0ac/node_modules/@storybook/builder-vite/dist/index.js:1861:15)
    at async createViteServer (file:///Users/riccardoferranti/Documents/Dev/personal-workspace/projects/frontend-design/node_modules/.pnpm/@storybook+builder-vite@10.2.15_esbuild@0.27.3_rollup@4.59.0_storybook@10.2.15_@testing_ec902fb76638b411a0123ae7e10ba0ac/node_modules/@storybook/builder-vite/dist/index.js:1887:19)
    at async Module.start (file:///Users/riccardoferranti/Documents/Dev/personal-workspace/projects/frontend-design/node_modules/.pnpm/@storybook+builder-vite@10.2.15_esbuild@0.27.3_rollup@4.59.0_storybook@10.2.15_@testing_ec902fb76638b411a0123ae7e10ba0ac/node_modules/@storybook/builder-vite/dist/index.js:1922:17)
    at async storybookDevServer (file:///Users/riccardoferranti/Documents/Dev/personal-workspace/projects/frontend-design/node_modules/.pnpm/storybook@10.2.15_@testing-library+dom@9.3.4_prettier@3.8.1_react-dom@19.2.4_react@19.2.4__react@19.2.4/node_modules/storybook/dist/core-server/index.js:7241:83)
    at async buildOrThrow (file:///Users/riccardoferranti/Documents/Dev/personal-workspace/projects/frontend-design/node_modules/.pnpm/storybook@10.2.15_@testing-library+dom@9.3.4_prettier@3.8.1_react-dom@19.2.4_react@19.2.4__react@19.2.4/node_modules/storybook/dist/core-server/index.js:4504:12)
    at async buildDevStandalone (file:///Users/riccardoferranti/Documents/Dev/personal-workspace/projects/frontend-design/node_modules/.pnpm/storybook@10.2.15_@testing-library+dom@9.3.4_prettier@3.8.1_react-dom@19.2.4_react@19.2.4__react@19.2.4/node_modules/storybook/dist/core-server/index.js:7611:66)
    at async withTelemetry (file:///Users/riccardoferranti/Documents/Dev/personal-workspace/projects/frontend-design/node_modules/.pnpm/storybook@10.2.15_@testing-library+dom@9.3.4_prettier@3.8.1_react-dom@19.2.4_react@19.2.4__react@19.2.4/node_modules/storybook/dist/_node-chunks/chunk-JGB33OAY.js:218:12)
    at async dev (file:///Users/riccardoferranti/Documents/Dev/personal-workspace/projects/frontend-design/node_modules/.pnpm/storybook@10.2.15_@testing-library+dom@9.3.4_prettier@3.8.1_react-dom@19.2.4_react@19.2.4__react@19.2.4/node_modules/storybook/dist/bin/core.js:2734:3)
[23:28:57.173] [WARN] Broken build, fix the error above.
You may need to refresh the browser.